<?xml version="1.0" encoding="UTF-8"?>
<testsuite xmlns:xsi="http://www.w3.org/2001/XMLSchema-instance" xsi:noNamespaceSchemaLocation="https://maven.apache.org/surefire/maven-surefire-plugin/xsd/surefire-test-report.xsd" name="bd.edu.seu.newconnectiondb.repository.StudentRepositoryTest" time="10.955" tests="4" errors="0" skipped="0" failures="0">
  <properties>
[...]
</properties>
  <testcase name="testCreateStudent" classname="bd.edu.seu.newconnectiondb.repository.StudentRepositoryTest" time="0.426"/>
  <testcase name="testFindAllStudents" classname="bd.edu.seu.newconnectiondb.repository.StudentRepositoryTest" time="0.179"/>
  <testcase name="testFindStudentById" classname="bd.edu.seu.newconnectiondb.repository.StudentRepositoryTest" time="0.012"/>
  <testcase name="testDeleteStudent" classname="bd.edu.seu.newconnectiondb.repository.StudentRepositoryTest" time="0.06"/>
</testsuite>